<?xml version="1.0" encoding="UTF-8"?>
<!-- Generated by org.testng.reporters.JUnitXMLReporter -->
<testsuite ignored="2" hostname="DESKTOP-MG2726E" failures="0" tests="5" name="Booking API Tests" time="24.615" errors="0" timestamp="2025-07-22T14:04:36 IST">
  <testcase classname="api_classes.TC_03_Create_Booking" name="createBookingTest" time="4.349"/>
  <testcase classname="api_classes.TC_04_Get_Perticular_booking" name="getBookingById" time="4.521"/>
  <testcase classname="api_classes.TC_05_Update_Booking" name="updateBooking" time="6.561"/>
  <testcase classname="api_classes.TC_06_Partial_Update_Booking" name="partialUpdateBookingTest" time="4.502"/>
  <testcase classname="api_classes.TC_07_Delete_Booking" name="deleteBookingTest" time="4.613"/>
  <testcase classname="api_classes.BaseTest" name="@BeforeSuite generateToken" time="0.0">
    <ignored/>
  </testcase> <!-- @BeforeSuite generateToken -->
  <testcase classname="api_classes.BaseTest" name="@BeforeSuite generateToken" time="0.0">
    <ignored/>
  </testcase> <!-- @BeforeSuite generateToken -->
</testsuite> <!-- Booking API Tests -->
