<?xml version="1.0" encoding="UTF-8"?>
<!-- Generated by org.testng.reporters.JUnitXMLReporter -->
<testsuite ignored="2" hostname="DESKTOP-MG2726E" failures="0" tests="7" name="Booking API Tests" time="31.144" errors="0" timestamp="2025-07-22T15:26:32 IST">
  <testcase classname="api_classes.TC_01_HealthCheck" name="HealthCheck" time="1.592"/>
  <testcase classname="api_classes.TC_02_GetAll_Bookings" name="getAllBookings" time="5.054"/>
  <testcase classname="api_classes.TC_03_Create_Booking" name="createBookingTest" time="4.608"/>
  <testcase classname="api_classes.TC_04_Get_Perticular_booking" name="getBookingById" time="4.584"/>
  <testcase classname="api_classes.TC_05_Update_Booking" name="updateBooking" time="6.039"/>
  <testcase classname="api_classes.TC_06_Partial_Update_Booking" name="partialUpdateBookingTest" time="4.6"/>
  <testcase classname="api_classes.TC_07_Delete_Booking" name="deleteBookingTest" time="4.6"/>
  <testcase classname="api_classes.BaseTest" name="@BeforeSuite generateToken" time="0.0">
    <ignored/>
  </testcase> <!-- @BeforeSuite generateToken -->
  <testcase classname="api_classes.BaseTest" name="@BeforeSuite generateToken" time="0.0">
    <ignored/>
  </testcase> <!-- @BeforeSuite generateToken -->
</testsuite> <!-- Booking API Tests -->
