<?xml version="1.0" encoding="UTF-8"?>
<testng-results ignored="0" total="7" passed="7" failed="0" skipped="0">
  <reporter-output>
  </reporter-output>
  <suite started-at="2025-07-22T15:26:01 IST" name="RestAssured Suite" finished-at="2025-07-22T15:26:32 IST" duration-ms="31144">
    <groups>
    </groups>
    <test started-at="2025-07-22T15:26:01 IST" name="Booking API Tests" finished-at="2025-07-22T15:26:32 IST" duration-ms="31144">
      <class name="api_classes.TC_05_Update_Booking">
        <test-method signature="updateBooking()[pri:0, instance:api_classes.TC_05_Update_Booking@4b2bac3f]" started-at="2025-07-22T15:26:17 IST" name="updateBooking" finished-at="2025-07-22T15:26:23 IST" duration-ms="6039" status="PASS">
          <reporter-output>
          </reporter-output>
        </test-method> <!-- updateBooking -->
      </class> <!-- api_classes.TC_05_Update_Booking -->
      <class name="api_classes.TC_02_GetAll_Bookings">
        <test-method signature="getAllBookings()[pri:0, instance:api_classes.TC_02_GetAll_Bookings@3c46e67a]" started-at="2025-07-22T15:26:03 IST" name="getAllBookings" finished-at="2025-07-22T15:26:08 IST" duration-ms="5054" status="PASS">
          <reporter-output>
          </reporter-output>
        </test-method> <!-- getAllBookings -->
      </class> <!-- api_classes.TC_02_GetAll_Bookings -->
      <class name="api_classes.TC_04_Get_Perticular_booking">
        <test-method signature="getBookingById()[pri:0, instance:api_classes.TC_04_Get_Perticular_booking@4d1c00d0]" started-at="2025-07-22T15:26:12 IST" name="getBookingById" finished-at="2025-07-22T15:26:17 IST" duration-ms="4584" status="PASS">
          <reporter-output>
          </reporter-output>
        </test-method> <!-- getBookingById -->
      </class> <!-- api_classes.TC_04_Get_Perticular_booking -->
      <class name="api_classes.TC_01_HealthCheck">
        <test-method signature="HealthCheck()[pri:0, instance:api_classes.TC_01_HealthCheck@5b7a5baa]" started-at="2025-07-22T15:26:01 IST" name="HealthCheck" finished-at="2025-07-22T15:26:03 IST" duration-ms="1592" status="PASS">
          <reporter-output>
          </reporter-output>
        </test-method> <!-- HealthCheck -->
      </class> <!-- api_classes.TC_01_HealthCheck -->
      <class name="api_classes.TC_07_Delete_Booking">
        <test-method signature="deleteBookingTest()[pri:0, instance:api_classes.TC_07_Delete_Booking@bcec361]" started-at="2025-07-22T15:26:27 IST" name="deleteBookingTest" finished-at="2025-07-22T15:26:32 IST" duration-ms="4600" status="PASS">
          <reporter-output>
          </reporter-output>
        </test-method> <!-- deleteBookingTest -->
      </class> <!-- api_classes.TC_07_Delete_Booking -->
      <class name="api_classes.TC_06_Partial_Update_Booking">
        <test-method signature="partialUpdateBookingTest()[pri:0, instance:api_classes.TC_06_Partial_Update_Booking@4e08711f]" started-at="2025-07-22T15:26:23 IST" name="partialUpdateBookingTest" finished-at="2025-07-22T15:26:27 IST" duration-ms="4600" status="PASS">
          <reporter-output>
          </reporter-output>
        </test-method> <!-- partialUpdateBookingTest -->
      </class> <!-- api_classes.TC_06_Partial_Update_Booking -->
      <class name="api_classes.TC_03_Create_Booking">
        <test-method is-config="true" signature="generateToken()[pri:0, instance:api_classes.TC_03_Create_Booking@79079097]" started-at="2025-07-22T15:25:57 IST" name="generateToken" finished-at="2025-07-22T15:26:01 IST" duration-ms="4134" status="PASS">
          <reporter-output>
          </reporter-output>
        </test-method> <!-- generateToken -->
        <test-method signature="createBookingTest()[pri:0, instance:api_classes.TC_03_Create_Booking@79079097]" started-at="2025-07-22T15:26:08 IST" name="createBookingTest" finished-at="2025-07-22T15:26:12 IST" duration-ms="4608" status="PASS">
          <reporter-output>
          </reporter-output>
        </test-method> <!-- createBookingTest -->
      </class> <!-- api_classes.TC_03_Create_Booking -->
    </test> <!-- Booking API Tests -->
  </suite> <!-- RestAssured Suite -->
</testng-results>
