<?xml version="1.0" encoding="UTF-8"?>
<testng-results ignored="0" total="5" passed="5" failed="0" skipped="0">
  <reporter-output>
  </reporter-output>
  <suite started-at="2025-07-22T14:04:11 IST" name="RestAssured Suite" finished-at="2025-07-22T14:04:36 IST" duration-ms="24615">
    <groups>
    </groups>
    <test started-at="2025-07-22T14:04:11 IST" name="Booking API Tests" finished-at="2025-07-22T14:04:36 IST" duration-ms="24615">
      <class name="api_classes.TC_05_Update_Booking">
        <test-method signature="updateBooking()[pri:0, instance:api_classes.TC_05_Update_Booking@3857f613]" started-at="2025-07-22T14:04:20 IST" name="updateBooking" finished-at="2025-07-22T14:04:27 IST" duration-ms="6561" status="PASS">
          <reporter-output>
          </reporter-output>
        </test-method> <!-- updateBooking -->
      </class> <!-- api_classes.TC_05_Update_Booking -->
      <class name="api_classes.TC_04_Get_Perticular_booking">
        <test-method signature="getBookingById()[pri:0, instance:api_classes.TC_04_Get_Perticular_booking@489115ef]" started-at="2025-07-22T14:04:15 IST" name="getBookingById" finished-at="2025-07-22T14:04:20 IST" duration-ms="4521" status="PASS">
          <reporter-output>
          </reporter-output>
        </test-method> <!-- getBookingById -->
      </class> <!-- api_classes.TC_04_Get_Perticular_booking -->
      <class name="api_classes.TC_07_Delete_Booking">
        <test-method signature="deleteBookingTest()[pri:0, instance:api_classes.TC_07_Delete_Booking@7c6908d7]" started-at="2025-07-22T14:04:31 IST" name="deleteBookingTest" finished-at="2025-07-22T14:04:36 IST" duration-ms="4613" status="PASS">
          <reporter-output>
          </reporter-output>
        </test-method> <!-- deleteBookingTest -->
      </class> <!-- api_classes.TC_07_Delete_Booking -->
      <class name="api_classes.TC_06_Partial_Update_Booking">
        <test-method signature="partialUpdateBookingTest()[pri:0, instance:api_classes.TC_06_Partial_Update_Booking@198b6731]" started-at="2025-07-22T14:04:27 IST" name="partialUpdateBookingTest" finished-at="2025-07-22T14:04:31 IST" duration-ms="4502" status="PASS">
          <reporter-output>
          </reporter-output>
        </test-method> <!-- partialUpdateBookingTest -->
      </class> <!-- api_classes.TC_06_Partial_Update_Booking -->
      <class name="api_classes.TC_03_Create_Booking">
        <test-method is-config="true" signature="generateToken()[pri:0, instance:api_classes.TC_03_Create_Booking@4116aac9]" started-at="2025-07-22T14:04:07 IST" name="generateToken" finished-at="2025-07-22T14:04:11 IST" duration-ms="3960" status="PASS">
          <reporter-output>
          </reporter-output>
        </test-method> <!-- generateToken -->
        <test-method signature="createBookingTest()[pri:0, instance:api_classes.TC_03_Create_Booking@4116aac9]" started-at="2025-07-22T14:04:11 IST" name="createBookingTest" finished-at="2025-07-22T14:04:15 IST" duration-ms="4349" status="PASS">
          <reporter-output>
          </reporter-output>
        </test-method> <!-- createBookingTest -->
      </class> <!-- api_classes.TC_03_Create_Booking -->
    </test> <!-- Booking API Tests -->
  </suite> <!-- RestAssured Suite -->
</testng-results>
